android/app/build/intermediates/manifest_merge_blame_file/release/processReleaseMainManifest/manifest-merger-blame-release-report.txt
1<?xml version="1.0" encoding="utf-8"?>
2<manifest xmlns:android="http://schemas.android.com/apk/res/android"
3    package="com.vigilai"
4    android:versionCode="1"
5    android:versionName="1.0.0" >
6
7    <uses-sdk
8        android:minSdkVersion="29"
9        android:targetSdkVersion="34" />
10
11    <!-- Permissions for Android Telephony Screening (MODE B) and Mic Streaming (MODE A) -->
12    <uses-permission android:name="android.permission.INTERNET" />
12-->src\main\AndroidManifest.xml:6:5-67
12-->src\main\AndroidManifest.xml:6:22-64
13    <uses-permission android:name="android.permission.READ_PHONE_STATE" />
13-->src\main\AndroidManifest.xml:7:5-75
13-->src\main\AndroidManifest.xml:7:22-72
14    <uses-permission android:name="android.permission.RECORD_AUDIO" />
14-->src\main\AndroidManifest.xml:8:5-71
14-->src\main\AndroidManifest.xml:8:22-68
15    <uses-permission android:name="android.permission.SYSTEM_ALERT_WINDOW" />
15-->src\main\AndroidManifest.xml:9:5-78
15-->src\main\AndroidManifest.xml:9:22-75
16    <uses-permission android:name="android.permission.FOREGROUND_SERVICE" />
16-->src\main\AndroidManifest.xml:10:5-77
16-->src\main\AndroidManifest.xml:10:22-74
17    <uses-permission android:name="android.permission.FOREGROUND_SERVICE_MICROPHONE" />
17-->src\main\AndroidManifest.xml:11:5-88
17-->src\main\AndroidManifest.xml:11:22-85
18    <uses-permission android:name="android.permission.POST_NOTIFICATIONS" />
18-->src\main\AndroidManifest.xml:12:5-77
18-->src\main\AndroidManifest.xml:12:22-74
19
20    <permission
20-->[androidx.core:core:1.12.0] AndroidManifest.xml:22:5-24:47
21        android:name="com.vigilai.DYNAMIC_RECEIVER_NOT_EXPORTED_PERMISSION"
21-->[androidx.core:core:1.12.0] AndroidManifest.xml:23:9-81
22        android:protectionLevel="signature" />
22-->[androidx.core:core:1.12.0] AndroidManifest.xml:24:9-44
23
24    <uses-permission android:name="com.vigilai.DYNAMIC_RECEIVER_NOT_EXPORTED_PERMISSION" />
24-->[androidx.core:core:1.12.0] AndroidManifest.xml:26:5-97
24-->[androidx.core:core:1.12.0] AndroidManifest.xml:26:22-94
25
26    <application
26-->src\main\AndroidManifest.xml:14:5-53:19
27        android:allowBackup="false"
27-->src\main\AndroidManifest.xml:15:9-36
28        android:appComponentFactory="androidx.core.app.CoreComponentFactory"
28-->[androidx.core:core:1.12.0] AndroidManifest.xml:28:18-86
29        android:extractNativeLibs="false"
30        android:icon="@android:drawable/ic_secure"
30-->src\main\AndroidManifest.xml:16:9-51
31        android:label="VIGIL-AI"
31-->src\main\AndroidManifest.xml:17:9-33
32        android:roundIcon="@android:drawable/ic_secure"
32-->src\main\AndroidManifest.xml:18:9-56
33        android:supportsRtl="true"
33-->src\main\AndroidManifest.xml:19:9-35
34        android:theme="@android:style/Theme.Material.Light.NoActionBar"
34-->src\main\AndroidManifest.xml:20:9-72
35        android:usesCleartextTraffic="true" >
35-->src\main\AndroidManifest.xml:21:9-44
36
37        <!-- Android MODE B Call Screening Service -->
38        <service
38-->src\main\AndroidManifest.xml:24:9-31:19
39            android:name="com.vigilai.service.VigilCallScreeningService"
39-->src\main\AndroidManifest.xml:25:13-62
40            android:exported="true"
40-->src\main\AndroidManifest.xml:27:13-36
41            android:permission="android.permission.BIND_SCREENING_SERVICE" >
41-->src\main\AndroidManifest.xml:26:13-75
42            <intent-filter>
42-->src\main\AndroidManifest.xml:28:13-30:29
43                <action android:name="android.telecom.CallScreeningService" />
43-->src\main\AndroidManifest.xml:29:17-79
43-->src\main\AndroidManifest.xml:29:25-76
44            </intent-filter>
45        </service>
46
47        <!-- Heads-Up Alert Overlay HUD Service -->
48        <service
48-->src\main\AndroidManifest.xml:34:9-36:40
49            android:name="com.vigilai.service.CallAlertOverlayService"
49-->src\main\AndroidManifest.xml:35:13-60
50            android:exported="false" />
50-->src\main\AndroidManifest.xml:36:13-37
51
52        <!-- MODE A In-Call / VoIP Audio Streamer Service -->
53        <service
53-->src\main\AndroidManifest.xml:39:9-42:40
54            android:name="com.vigilai.service.AudioStreamVoipService"
54-->src\main\AndroidManifest.xml:40:13-59
55            android:exported="false"
55-->src\main\AndroidManifest.xml:42:13-37
56            android:foregroundServiceType="microphone" />
56-->src\main\AndroidManifest.xml:41:13-55
57
58        <activity
58-->src\main\AndroidManifest.xml:44:9-51:20
59            android:name="com.vigilai.ui.MainActivity"
59-->src\main\AndroidManifest.xml:45:13-44
60            android:exported="true" >
60-->src\main\AndroidManifest.xml:46:13-36
61            <intent-filter>
61-->src\main\AndroidManifest.xml:47:13-50:29
62                <action android:name="android.intent.action.MAIN" />
62-->src\main\AndroidManifest.xml:48:17-69
62-->src\main\AndroidManifest.xml:48:25-66
63
64                <category android:name="android.intent.category.LAUNCHER" />
64-->src\main\AndroidManifest.xml:49:17-77
64-->src\main\AndroidManifest.xml:49:27-74
65            </intent-filter>
66        </activity>
67    </application>
68
69</manifest>